<?xml version="1.0" encoding="UTF-8" ?>
<testsuites name="vitest tests" tests="1" failures="0" errors="0" time="0.551">
    <testsuite name="tests/App.test.tsx" timestamp="2023-08-10T06:59:56.163Z" hostname="HYPERSPHERE-BH" tests="1" failures="0" errors="0" skipped="0" time="0.001">
        <testcase classname="tests/App.test.tsx" name="App &gt; runs a test" time="0">
        </testcase>
    </testsuite>
</testsuites>
