<?xml version="1.0" encoding="UTF-8" ?>
<testsuites name="vitest tests" tests="1" failures="0" errors="0" time="0.574">
    <testsuite name="tests/App.test.tsx" timestamp="2023-08-10T04:34:10.286Z" hostname="DACHSHUND-BH" tests="1" failures="0" errors="0" skipped="0" time="0.001">
        <testcase classname="tests/App.test.tsx" name="App &gt; runs a test" time="0.001">
        </testcase>
    </testsuite>
</testsuites>
