<?xml version="1.0" encoding="UTF-8" ?>
<testsuites name="vitest tests" tests="1" failures="0" errors="0" time="0.477">
    <testsuite name="tests/App.test.tsx" timestamp="2023-08-02T06:25:53.759Z" hostname="DACHSHUND-BH" tests="1" failures="0" errors="0" skipped="0" time="0.002">
        <testcase classname="tests/App.test.tsx" name="App &gt; runs a test" time="0.001">
        </testcase>
    </testsuite>
</testsuites>
